<?xml version="1.0" encoding="UTF-8"?>
<testsuite xmlns:xsi="http://www.w3.org/2001/XMLSchema-instance" xsi:noNamespaceSchemaLocation="https://maven.apache.org/surefire/maven-surefire-plugin/xsd/surefire-test-report.xsd" name="com.example.mainTest" time="0.807" tests="3" errors="0" skipped="0" failures="0">
  <properties>
[...]
</properties>
  <testcase name="testAdd" classname="com.example.mainTest" time="0.775"/>
  <testcase name="testAdd2" classname="com.example.mainTest" time="0.009"/>
  <testcase name="testSubstract" classname="com.example.mainTest" time="0.003"/>
</testsuite>